Drill report for SMART_DC_MOTOR_DRIVER.kicad_pcb
Created on 2026-06-18T19:57:22

Copper Layer Stackup:
    =============================================================
    L1 :  Front                     front
    L2 :  In1.Cu                    in1
    L3 :  In2.Cu                    in2
    L4 :  Back                      back


Drill file 'SMART_DC_MOTOR_DRIVER-PTH-drl.gbr' contains
    plated through holes:
    =============================================================
    T1  0.200mm  0.0079"  (12 holes))
    T2  0.300mm  0.0118"  (47 holes))
    T3  1.000mm  0.0394"  (6 holes))
    T4  1.100mm  0.0433"  (3 holes))
    T5  1.200mm  0.0472"  (4 holes))
    T6  1.300mm  0.0512"  (4 holes))

    Total plated holes count 76


Drill file 'SMART_DC_MOTOR_DRIVER-NPTH-drl.gbr' contains
    unplated through holes:
    =============================================================
    T1  3.200mm  0.1260"  (4 holes))

    Total unplated holes count 4
